<?xml version="1.0" encoding="UTF-8"?>
<!-- Generated by org.testng.reporters.JUnitXMLReporter -->
<testsuite ignored="0" hostname="LAPTOP-NN0EOSGE" failures="0" tests="5" name="AccountPage Test" time="23.824" errors="0" timestamp="2024-09-28T15:27:10 IST">
  <testcase classname="com.qa.opencart.tests.AccountPageTest" name="accPagetitletest" time="0.135"/>
  <testcase classname="com.qa.opencart.tests.AccountPageTest" name="accPageSectionCounttest" time="0.133"/>
  <testcase classname="com.qa.opencart.tests.AccountPageTest" name="accPageSectionTest" time="0.21"/>
  <testcase classname="com.qa.opencart.tests.AccountPageTest" name="searchTest" time="2.16"/>
  <testcase classname="com.qa.opencart.tests.AccountPageTest" name="selectProductTest" time="3.471"/>
</testsuite> <!-- AccountPage Test -->
