<?xml version="1.0" encoding="UTF-8"?>
<!-- Generated by org.testng.reporters.JUnitXMLReporter -->
<testsuite ignored="0" hostname="LAPTOP-NN0EOSGE" failures="0" tests="3" name="LoginPage Test" time="8.905" errors="0" timestamp="2024-09-19T21:07:36 IST">
  <testcase classname="com.qa.opencart.tests.LoginPageTest" name="loginPageTitleTest" time="0.073"/>
  <testcase classname="com.qa.opencart.tests.LoginPageTest" name="forgotpwdlinktest" time="0.083"/>
  <testcase classname="com.qa.opencart.tests.LoginPageTest" name="loginTest" time="1.661"/>
</testsuite> <!-- LoginPage Test -->
