<?xml version="1.0" encoding="UTF-8"?>
<!-- Generated by org.testng.reporters.JUnitXMLReporter -->
<testsuite ignored="0" hostname="LAPTOP-NN0EOSGE" failures="0" tests="3" name="LoginPage Test" time="15.207" errors="0" timestamp="2024-09-28T15:27:01 IST">
  <testcase classname="com.qa.opencart.tests.LoginPageTest" name="loginPageTitleTest" time="0.132"/>
  <testcase classname="com.qa.opencart.tests.LoginPageTest" name="forgotpwdlinktest" time="0.136"/>
  <testcase classname="com.qa.opencart.tests.LoginPageTest" name="loginTest" time="3.705"/>
</testsuite> <!-- LoginPage Test -->
