<?xml version="1.0" encoding="UTF-8"?>
<testng-results ignored="0" total="8" passed="8" failed="0" skipped="0">
  <reporter-output>
  </reporter-output>
  <suite started-at="2024-09-28T15:26:46 IST" name="Demo Cart App Resgression Test Suite" finished-at="2024-09-28T15:27:10 IST" duration-ms="23824">
    <groups>
    </groups>
    <test started-at="2024-09-28T15:26:46 IST" name="LoginPage Test" finished-at="2024-09-28T15:27:01 IST" duration-ms="15207">
      <class name="com.qa.opencart.tests.LoginPageTest">
        <test-method is-config="true" signature="setUp()[pri:0, instance:com.qa.opencart.tests.LoginPageTest@28f2a10f]" started-at="2024-09-28T15:26:46 IST" name="setUp" finished-at="2024-09-28T15:26:56 IST" duration-ms="10264" status="PASS">
          <reporter-output>
          </reporter-output>
        </test-method> <!-- setUp -->
        <test-method signature="loginPageTitleTest()[pri:1, instance:com.qa.opencart.tests.LoginPageTest@28f2a10f]" started-at="2024-09-28T15:26:56 IST" name="loginPageTitleTest" finished-at="2024-09-28T15:26:56 IST" duration-ms="132" status="PASS">
          <reporter-output>
          </reporter-output>
        </test-method> <!-- loginPageTitleTest -->
        <test-method signature="forgotpwdlinktest()[pri:2, instance:com.qa.opencart.tests.LoginPageTest@28f2a10f]" started-at="2024-09-28T15:26:56 IST" name="forgotpwdlinktest" finished-at="2024-09-28T15:26:56 IST" duration-ms="136" status="PASS">
          <reporter-output>
          </reporter-output>
        </test-method> <!-- forgotpwdlinktest -->
        <test-method signature="loginTest()[pri:3, instance:com.qa.opencart.tests.LoginPageTest@28f2a10f]" started-at="2024-09-28T15:26:56 IST" name="loginTest" finished-at="2024-09-28T15:27:00 IST" duration-ms="3705" status="PASS">
          <reporter-output>
          </reporter-output>
        </test-method> <!-- loginTest -->
        <test-method is-config="true" signature="tearDown()[pri:0, instance:com.qa.opencart.tests.LoginPageTest@28f2a10f]" started-at="2024-09-28T15:27:00 IST" name="tearDown" finished-at="2024-09-28T15:27:01 IST" duration-ms="811" status="PASS">
          <reporter-output>
          </reporter-output>
        </test-method> <!-- tearDown -->
      </class> <!-- com.qa.opencart.tests.LoginPageTest -->
    </test> <!-- LoginPage Test -->
    <test started-at="2024-09-28T15:26:46 IST" name="AccountPage Test" finished-at="2024-09-28T15:27:10 IST" duration-ms="23824">
      <class name="com.qa.opencart.tests.AccountPageTest">
        <test-method is-config="true" signature="setUp()[pri:0, instance:com.qa.opencart.tests.AccountPageTest@550dbc7a]" started-at="2024-09-28T15:26:46 IST" name="setUp" finished-at="2024-09-28T15:26:56 IST" duration-ms="10264" status="PASS">
          <reporter-output>
          </reporter-output>
        </test-method> <!-- setUp -->
        <test-method is-config="true" signature="Accsetup()[pri:0, instance:com.qa.opencart.tests.AccountPageTest@550dbc7a]" started-at="2024-09-28T15:26:56 IST" name="Accsetup" finished-at="2024-09-28T15:27:00 IST" duration-ms="4117" status="PASS">
          <reporter-output>
          </reporter-output>
        </test-method> <!-- Accsetup -->
        <test-method signature="accPagetitletest()[pri:1, instance:com.qa.opencart.tests.AccountPageTest@550dbc7a]" started-at="2024-09-28T15:27:00 IST" name="accPagetitletest" finished-at="2024-09-28T15:27:00 IST" duration-ms="135" status="PASS">
          <reporter-output>
          </reporter-output>
        </test-method> <!-- accPagetitletest -->
        <test-method signature="accPageSectionCounttest()[pri:2, instance:com.qa.opencart.tests.AccountPageTest@550dbc7a]" started-at="2024-09-28T15:27:00 IST" name="accPageSectionCounttest" finished-at="2024-09-28T15:27:00 IST" duration-ms="133" status="PASS">
          <reporter-output>
          </reporter-output>
        </test-method> <!-- accPageSectionCounttest -->
        <test-method signature="accPageSectionTest()[pri:3, instance:com.qa.opencart.tests.AccountPageTest@550dbc7a]" started-at="2024-09-28T15:27:00 IST" name="accPageSectionTest" finished-at="2024-09-28T15:27:01 IST" duration-ms="210" status="PASS">
          <reporter-output>
          </reporter-output>
        </test-method> <!-- accPageSectionTest -->
        <test-method signature="searchTest()[pri:4, instance:com.qa.opencart.tests.AccountPageTest@550dbc7a]" started-at="2024-09-28T15:27:01 IST" name="searchTest" finished-at="2024-09-28T15:27:03 IST" duration-ms="2160" status="PASS">
          <reporter-output>
          </reporter-output>
        </test-method> <!-- searchTest -->
        <test-method signature="selectProductTest()[pri:5, instance:com.qa.opencart.tests.AccountPageTest@550dbc7a]" started-at="2024-09-28T15:27:03 IST" name="selectProductTest" finished-at="2024-09-28T15:27:06 IST" duration-ms="3471" status="PASS">
          <reporter-output>
          </reporter-output>
        </test-method> <!-- selectProductTest -->
        <test-method is-config="true" signature="tearDown()[pri:0, instance:com.qa.opencart.tests.AccountPageTest@550dbc7a]" started-at="2024-09-28T15:27:06 IST" name="tearDown" finished-at="2024-09-28T15:27:10 IST" duration-ms="3230" status="PASS">
          <reporter-output>
          </reporter-output>
        </test-method> <!-- tearDown -->
      </class> <!-- com.qa.opencart.tests.AccountPageTest -->
    </test> <!-- AccountPage Test -->
  </suite> <!-- Demo Cart App Resgression Test Suite -->
</testng-results>
